-------------------------------------------------------------------------------
Test set: com.example.demo.Project1ApplicationTests
-------------------------------------------------------------------------------
Tests run: 1, Failures: 0, Errors: 1, Skipped: 0, Time elapsed: 4.115 s <<< FAILURE! - in com.example.demo.Project1ApplicationTests
contextLoads  Time elapsed: 0.009 s  <<< ERROR!
java.lang.IllegalStateException: Failed to load ApplicationContext for [WebMergedContextConfiguration@35e357b testClass = com.example.demo.Project1ApplicationTests, locations = [], classes = [com.example.demo.Project1Application], contextInitializerClasses = [], activeProfiles = [], propertySourceLocations = [], propertySourceProperties = ["org.springframework.boot.test.context.SpringBootTestContextBootstrapper=true"], contextCustomizers = [org.springframework.boot.test.context.filter.ExcludeFilterContextCustomizer@13d4992d, org.springframework.boot.test.json.DuplicateJsonObjectContextCustomizerFactory$DuplicateJsonObjectContextCustomizer@9573584, org.springframework.boot.test.mock.mockito.MockitoContextCustomizer@0, org.springframework.boot.test.web.client.TestRestTemplateContextCustomizer@41005828, org.springframework.boot.test.autoconfigure.actuate.observability.ObservabilityContextCustomizerFactory$DisableObservabilityContextCustomizer@9da1, org.springframework.boot.test.autoconfigure.properties.PropertyMappingContextCustomizer@0, org.springframework.boot.test.autoconfigure.web.servlet.WebDriverContextCustomizerFactory$Customizer@41ab013, org.springframework.boot.test.context.SpringBootTestAnnotation@73413ae5], resourceBasePath = "src/main/webapp", contextLoader = org.springframework.boot.test.context.SpringBootContextLoader, parent = null]
Caused by: org.springframework.beans.factory.UnsatisfiedDependencyException: Error creating bean with name 'englishBookController': Unsatisfied dependency expressed through field 'es': Error creating bean with name 'englishBookService': Unsatisfied dependency expressed through field 'er': Error creating bean with name 'englishBookRepoInterface' defined in com.example.demo.repository.EnglishBookRepoInterface defined in @EnableJpaRepositories declared on JpaRepositoriesRegistrar.EnableJpaRepositoriesConfiguration: Could not create query for public abstract java.util.List com.example.demo.repository.EnglishBookRepoInterface.getAll(int,java.lang.String); Reason: Using named parameters for method public abstract java.util.List com.example.demo.repository.EnglishBookRepoInterface.getAll(int,java.lang.String) but parameter 'Optional[bno]' not found in annotated query 'SELECT * FROM englishbook WHERE id=:id and author=:author'
Caused by: org.springframework.beans.factory.UnsatisfiedDependencyException: Error creating bean with name 'englishBookService': Unsatisfied dependency expressed through field 'er': Error creating bean with name 'englishBookRepoInterface' defined in com.example.demo.repository.EnglishBookRepoInterface defined in @EnableJpaRepositories declared on JpaRepositoriesRegistrar.EnableJpaRepositoriesConfiguration: Could not create query for public abstract java.util.List com.example.demo.repository.EnglishBookRepoInterface.getAll(int,java.lang.String); Reason: Using named parameters for method public abstract java.util.List com.example.demo.repository.EnglishBookRepoInterface.getAll(int,java.lang.String) but parameter 'Optional[bno]' not found in annotated query 'SELECT * FROM englishbook WHERE id=:id and author=:author'
Caused by: org.springframework.beans.factory.BeanCreationException: Error creating bean with name 'englishBookRepoInterface' defined in com.example.demo.repository.EnglishBookRepoInterface defined in @EnableJpaRepositories declared on JpaRepositoriesRegistrar.EnableJpaRepositoriesConfiguration: Could not create query for public abstract java.util.List com.example.demo.repository.EnglishBookRepoInterface.getAll(int,java.lang.String); Reason: Using named parameters for method public abstract java.util.List com.example.demo.repository.EnglishBookRepoInterface.getAll(int,java.lang.String) but parameter 'Optional[bno]' not found in annotated query 'SELECT * FROM englishbook WHERE id=:id and author=:author'
Caused by: org.springframework.data.repository.query.QueryCreationException: Could not create query for public abstract java.util.List com.example.demo.repository.EnglishBookRepoInterface.getAll(int,java.lang.String); Reason: Using named parameters for method public abstract java.util.List com.example.demo.repository.EnglishBookRepoInterface.getAll(int,java.lang.String) but parameter 'Optional[bno]' not found in annotated query 'SELECT * FROM englishbook WHERE id=:id and author=:author'
Caused by: java.lang.IllegalStateException: Using named parameters for method public abstract java.util.List com.example.demo.repository.EnglishBookRepoInterface.getAll(int,java.lang.String) but parameter 'Optional[bno]' not found in annotated query 'SELECT * FROM englishbook WHERE id=:id and author=:author'

